# JRE version: OpenJDK Runtime Environment Microsoft-8035250 (11.0.20+8) (build 11.0.20+8-LTS)
# Java VM: OpenJDK 64-Bit Server VM Microsoft-8035250 (11.0.20+8-LTS, mixed mode, tiered, compressed oops, g1 gc, windows-amd64)
Heap:
 garbage-first heap   total 262144K, used 135168K [0x0000000080000000, 0x0000000100000000)
  region size 1024K, 82 young (83968K), 18 survivors (18432K)
 Metaspace       used 84991K, capacity 87442K, committed 87592K, reserved 591872K
  class space    used 10950K, capacity 11949K, committed 11992K, reserved 516096K
GC Heap History (20 events):
Event: 18.617 GC heap before
{Heap before GC invocations=1 (full 0):
 garbage-first heap   total 262144K, used 107524K [0x0000000080000000, 0x0000000100000000)
  region size 1024K, 99 young (101376K), 2 survivors (2048K)
 Metaspace       used 20757K, capacity 21133K, committed 21296K, reserved 536576K
  class space    used 2452K, capacity 2609K, committed 2688K, reserved 516096K
}
Event: 18.630 GC heap after
{Heap after GC invocations=2 (full 0):
 garbage-first heap   total 262144K, used 18046K [0x0000000080000000, 0x0000000100000000)
  region size 1024K, 12 young (12288K), 12 survivors (12288K)
 Metaspace       used 20757K, capacity 21133K, committed 21296K, reserved 536576K
  class space    used 2452K, capacity 2609K, committed 2688K, reserved 516096K
}
Event: 20.971 GC heap before
{Heap before GC invocations=3 (full 0):
 garbage-first heap   total 262144K, used 55934K [0x0000000080000000, 0x0000000100000000)
  region size 1024K, 50 young (51200K), 12 survivors (12288K)
 Metaspace       used 24613K, capacity 25182K, committed 25264K, reserved 538624K
  class space    used 3061K, capacity 3280K, committed 3328K, reserved 516096K
}
Event: 20.989 GC heap after
{Heap after GC invocations=4 (full 0):
 garbage-first heap   total 262144K, used 20128K [0x0000000080000000, 0x0000000100000000)
  region size 1024K, 2 young (2048K), 2 survivors (2048K)
 Metaspace       used 24613K, capacity 25182K, committed 25264K, reserved 538624K
  class space    used 3061K, capacity 3280K, committed 3328K, reserved 516096K
}
Event: 24.963 GC heap before
{Heap before GC invocations=4 (full 0):
 garbage-first heap   total 262144K, used 88736K [0x0000000080000000, 0x0000000100000000)
  region size 1024K, 69 young (70656K), 2 survivors (2048K)
 Metaspace       used 31094K, capacity 31861K, committed 32048K, reserved 544768K
  class space    used 4062K, capacity 4364K, committed 4480K, reserved 516096K
}
Event: 24.971 GC heap after
{Heap after GC invocations=5 (full 0):
 garbage-first heap   total 262144K, used 22038K [0x0000000080000000, 0x0000000100000000)
  region size 1024K, 4 young (4096K), 4 survivors (4096K)
 Metaspace       used 31094K, capacity 31861K, committed 32048K, reserved 544768K
  class space    used 4062K, capacity 4364K, committed 4480K, reserved 516096K
}
Event: 26.194 GC heap before
{Heap before GC invocations=5 (full 0):
 garbage-first heap   total 262144K, used 42518K [0x0000000080000000, 0x0000000100000000)
  region size 1024K, 25 young (25600K), 4 survivors (4096K)
 Metaspace       used 34990K, capacity 35828K, committed 35920K, reserved 548864K
  class space    used 4449K, capacity 4815K, committed 4864K, reserved 516096K
}
Event: 26.207 GC heap after
{Heap after GC invocations=6 (full 0):
 garbage-first heap   total 262144K, used 23954K [0x0000000080000000, 0x0000000100000000)
  region size 1024K, 6 young (6144K), 6 survivors (6144K)
 Metaspace       used 34990K, capacity 35828K, committed 35920K, reserved 548864K
  class space    used 4449K, capacity 4815K, committed 4864K, reserved 516096K
}
Event: 46.427 GC heap before
{Heap before GC invocations=7 (full 0):
 garbage-first heap   total 262144K, used 108946K [0x0000000080000000, 0x0000000100000000)
  region size 1024K, 87 young (89088K), 6 survivors (6144K)
 Metaspace       used 41930K, capacity 43046K, committed 43216K, reserved 555008K
  class space    used 5257K, capacity 5684K, committed 5760K, reserved 516096K
}
Event: 46.448 GC heap after
{Heap after GC invocations=8 (full 0):
 garbage-first heap   total 262144K, used 30168K [0x0000000080000000, 0x0000000100000000)
  region size 1024K, 11 young (11264K), 11 survivors (11264K)
 Metaspace       used 41930K, capacity 43046K, committed 43216K, reserved 555008K
  class space    used 5257K, capacity 5684K, committed 5760K, reserved 516096K
}
Event: 56.628 GC heap before
{Heap before GC invocations=9 (full 0):
 garbage-first heap   total 262144K, used 130520K [0x0000000080000000, 0x0000000100000000)
  region size 1024K, 109 young (111616K), 11 survivors (11264K)
 Metaspace       used 49803K, capacity 51179K, committed 51280K, reserved 561152K
  class space    used 6376K, capacity 6907K, committed 6912K, reserved 516096K
}
Event: 56.647 GC heap after
{Heap after GC invocations=10 (full 0):
 garbage-first heap   total 262144K, used 33916K [0x0000000080000000, 0x0000000100000000)
  region size 1024K, 10 young (10240K), 10 survivors (10240K)
 Metaspace       used 49803K, capacity 51179K, committed 51280K, reserved 561152K
  class space    used 6376K, capacity 6907K, committed 6912K, reserved 516096K
}
Event: 68.422 GC heap before
{Heap before GC invocations=10 (full 0):
 garbage-first heap   total 262144K, used 153724K [0x0000000080000000, 0x0000000100000000)
  region size 1024K, 121 young (123904K), 10 survivors (10240K)
 Metaspace       used 59677K, capacity 61445K, committed 61520K, reserved 569344K
  class space    used 7707K, capacity 8414K, committed 8448K, reserved 516096K
}
Event: 68.439 GC heap after
{Heap after GC invocations=11 (full 0):
 garbage-first heap   total 262144K, used 44908K [0x0000000080000000, 0x0000000100000000)
  region size 1024K, 9 young (9216K), 9 survivors (9216K)
 Metaspace       used 59677K, capacity 61445K, committed 61520K, reserved 569344K
  class space    used 7707K, capacity 8414K, committed 8448K, reserved 516096K
}
Event: 75.381 GC heap before
{Heap before GC invocations=11 (full 0):
 garbage-first heap   total 262144K, used 177004K [0x0000000080000000, 0x0000000100000000)
  region size 1024K, 138 young (141312K), 9 survivors (9216K)
 Metaspace       used 68566K, capacity 70594K, committed 70864K, reserved 577536K
  class space    used 8903K, capacity 9738K, committed 9856K, reserved 516096K
}
Event: 75.402 GC heap after
{Heap after GC invocations=12 (full 0):
 garbage-first heap   total 262144K, used 51200K [0x0000000080000000, 0x0000000100000000)
  region size 1024K, 15 young (15360K), 15 survivors (15360K)
 Metaspace       used 68566K, capacity 70594K, committed 70864K, reserved 577536K
  class space    used 8903K, capacity 9738K, committed 9856K, reserved 516096K
}
Event: 76.663 GC heap before
{Heap before GC invocations=12 (full 0):
 garbage-first heap   total 262144K, used 71680K [0x0000000080000000, 0x0000000100000000)
  region size 1024K, 36 young (36864K), 15 survivors (15360K)
 Metaspace       used 69806K, capacity 71904K, committed 72016K, reserved 579584K
  class space    used 9048K, capacity 9929K, committed 9984K, reserved 516096K
}
Event: 76.693 GC heap after
{Heap after GC invocations=13 (full 0):
 garbage-first heap   total 262144K, used 53809K [0x0000000080000000, 0x0000000100000000)
  region size 1024K, 9 young (9216K), 9 survivors (9216K)
 Metaspace       used 69806K, capacity 71904K, committed 72016K, reserved 579584K
  class space    used 9048K, capacity 9929K, committed 9984K, reserved 516096K
}
Event: 89.596 GC heap before
{Heap before GC invocations=14 (full 0):
 garbage-first heap   total 262144K, used 196145K [0x0000000080000000, 0x0000000100000000)
  region size 1024K, 138 young (141312K), 9 survivors (9216K)
 Metaspace       used 80599K, capacity 82934K, committed 83112K, reserved 589824K
  class space    used 10340K, capacity 11307K, committed 11352K, reserved 516096K
}
Event: 89.621 GC heap after
{Heap after GC invocations=15 (full 0):
 garbage-first heap   total 262144K, used 69632K [0x0000000080000000, 0x0000000100000000)
  region size 1024K, 18 young (18432K), 18 survivors (18432K)
 Metaspace       used 80599K, capacity 82934K, committed 83112K, reserved 589824K
  class space    used 10340K, capacity 11307K, committed 11352K, reserved 516096K
}

